Diagnose log at 2024-10-24T16:54:15Z

AppPath: C:\Program Files\Git\mingw64\bin\git-credential-manager.exe
InstallDir: C:\Program Files\Git\mingw64\bin\
Version: 2.0.886+ea93cb5158

------------
Diagnostic: Environment
Skipped: False
Success: True
Exception: None
Log:
OSType: Windows
OSVersion: 10.0 (build 22635)
Reading environment variables... OK
 Variables:
HOMEPATH=\Users\achin
DriverData=C:\Windows\System32\Drivers\DriverData
COMPUTERNAME=ACHINTA
CommonProgramFiles(x86)=C:\Program Files (x86)\Common Files
OneDrive=C:\Users\achin\OneDrive
TMP=C:\Users\achin\AppData\Local\Temp
HOME=C:\Users\achin
PROCESSOR_REVISION=4e03
PATHEXT=.COM;.EXE;.BAT;.CMD;.VBS;.VBE;.JS;.JSE;.WSF;.WSH;.MSC;.CPL
GIT_ASKPASS=c:\Users\achin\AppData\Local\Programs\Microsoft VS Code\resources\app\extensions\git\dist\askpass.sh
GIT_EXEC_PATH=C:/Program Files/Git/mingw64/libexec/git-core
TEMP=C:\Users\achin\AppData\Local\Temp
LOCALAPPDATA=C:\Users\achin\AppData\Local
MSYSTEM=MINGW64
TERM=xterm-256color
ProgramW6432=C:\Program Files
USERDOMAIN=ACHINTA
ProgramFiles(x86)=C:\Program Files (x86)
Path=C:/Program Files/Git/mingw64/libexec/git-core;C:\Program Files\Git\mingw64\bin;C:\Program Files\Git\usr\bin;C:\Users\achin\bin;C:\Program Files\Common Files\Oracle\Java\javapath;C:\Windows\system32;C:\Windows;C:\Windows\System32\Wbem;C:\Windows\System32\WindowsPowerShell\v1.0\;C:\Windows\System32\OpenSSH\;C:\Program Files\Git\cmd;C:\Program Files\Crucial\Crucial Storage Executive;C:\MinGW\bin;C:\MinGW\bin\g++.exe;C:\Program Files\nodejs\;C:\Program Files\Microsoft SQL Server\150\Tools\Binn\;C:\Program Files\Microsoft SQL Server\Client SDK\ODBC\170\Tools\Binn\;C:\Program Files (x86)\Microsoft SQL Server\160\Tools\Binn\;C:\Program Files\Microsoft SQL Server\160\Tools\Binn\;C:\Program Files\Microsoft SQL Server\160\DTS\Binn\;C:\Program Files (x86)\Microsoft SQL Server\160\DTS\Binn\;C:\Program Files\Azure Data Studio\bin;C:\Program Files\dotnet\;C:\Users\achin\AppData\Local\Packages\PythonSoftwareFoundation.Python.3.12_qbz5n2kfra8p0\LocalCache\local-packages\Python312\Scripts;C:\Users\achin\AppData\Local\Microsoft\WindowsApps;C:\Users\achin\AppData\Local\Programs\Hyper\resources\bin;C:\Program Files\heroku\bin;C:\Users\achin\AppData\Local\Programs\Microsoft VS Code\bin;C:\MinGW\bin;C:\Users\achin\AppData\Local\atom\bin;C:\Users\achin\AppData\Roaming\npm;C:\Program Files\Azure Data Studio\bin;C:\Users\achin\.dotnet\tools
TERM_PROGRAM=vscode
PROCESSOR_LEVEL=6
PROCESSOR_IDENTIFIER=Intel64 Family 6 Model 78 Stepping 3, GenuineIntel
TMPDIR=C:\Users\achin\AppData\Local\Temp
VSCODE_GIT_ASKPASS_EXTRA_ARGS=
PROMPT=$P$G
TERM_PROGRAM_VERSION=1.94.2
VSCODE_GIT_ASKPASS_MAIN=c:\Users\achin\AppData\Local\Programs\Microsoft VS Code\resources\app\extensions\git\dist\askpass-main.js
PSModulePath=C:\Users\achin\OneDrive\Documents\WindowsPowerShell\Modules;C:\Program Files\WindowsPowerShell\Modules;C:\Windows\system32\WindowsPowerShell\v1.0\Modules;C:\Program Files (x86)\Microsoft SQL Server\160\Tools\PowerShell\Modules\
PUBLIC=C:\Users\Public
NUMBER_OF_PROCESSORS=4
CommonProgramFiles=C:\Program Files (x86)\Common Files
VSCODE_INJECTION=1
VSCODE_GIT_IPC_HANDLE=\\.\pipe\vscode-git-391d3ea4e7-sock
CHROME_CRASHPAD_PIPE_NAME=\\.\pipe\crashpad_11860_YBSAWYVUOYIRJJBC
PLINK_PROTOCOL=ssh
ProgramData=C:\ProgramData
MSYS=enable_pcon
ProgramFiles=C:\Program Files (x86)
VSCODE_GIT_ASKPASS_NODE=C:\Users\achin\AppData\Local\Programs\Microsoft VS Code\Code.exe
SystemRoot=C:\Windows
ORIGINAL_XDG_CURRENT_DESKTOP=undefined
SESSIONNAME=Console
CommonProgramW6432=C:\Program Files\Common Files
ZES_ENABLE_SYSMAN=1
LOGONSERVER=\\ACHINTA
USERPROFILE=C:\Users\achin
EFC_6052=1
COLORTERM=truecolor
USERDOMAIN_ROAMINGPROFILE=ACHINTA
APPDATA=C:\Users\achin\AppData\Roaming
HOMEDRIVE=C:
java=C:\Program Files\Java\jdk-20\bin\java.exe
USERNAME=achin
PROCESSOR_ARCHITEW6432=AMD64
PROCESSOR_ARCHITECTURE=x86
OS=Windows_NT
ComSpec=C:\Windows\system32\cmd.exe
SystemDrive=C:
windir=C:\Windows
LANG=en_US.UTF-8
ALLUSERSPROFILE=C:\ProgramData


------------
Diagnostic: File system
Skipped: False
Success: True
Exception: None
Log:
Temporary directory is 'C:\Users\achin\AppData\Local\Temp\'...
Checking basic file I/O...
Writing to temporary file 'C:\Users\achin\AppData\Local\Temp\9d8f4284a2e5bffcd4a267ff'... OK
Reading from temporary file 'C:\Users\achin\AppData\Local\Temp\9d8f4284a2e5bffcd4a267ff'... OK
Deleting temporary file 'C:\Users\achin\AppData\Local\Temp\9d8f4284a2e5bffcd4a267ff'... OK
Testing IFileSystem instance...
UserHomePath: C:\Users\achin
UserDataDirectoryPath: C:\Users\achin\.gcm
GetCurrentDirectory(): C:\Users\achin\OneDrive\Desktop\Codes\CWH-Web-dev\codes\tutorial47-ex-7

------------
Diagnostic: Networking
Skipped: False
Success: True
Exception: None
Log:
Checking networking and HTTP stack...
Creating HTTP client... OK
IsNetworkAvailable: True
Sending HEAD request to http://example.com... OK
Sending HEAD request to https://example.com... OK
Acquiring free TCP port... OK
Testing local HTTP loopback connections...
Creating new HTTP listener for http://localhost:56417/... OK
Waiting for loopback connection... OK
Writing response... OK
Waiting for response data... OK
Loopback connection data OK

------------
Diagnostic: Git
Skipped: False
Success: True
Exception: None
Log:
Getting Git version... OK
Git version is '2.39.2.windows.1'
Locating current repository... OK
Git repository at 'C:/Users/achin/OneDrive/Desktop/Codes/CWH-Web-dev/codes/tutorial47-ex-7/.git'
Listing all Git configuration... OK
Git configuration:
file:C:/Program Files/Git/etc/gitconfig	diff.astextplain.textconv=astextplain
file:C:/Program Files/Git/etc/gitconfig	filter.lfs.clean=git-lfs clean -- %f
file:C:/Program Files/Git/etc/gitconfig	filter.lfs.smudge=git-lfs smudge -- %f
file:C:/Program Files/Git/etc/gitconfig	filter.lfs.process=git-lfs filter-process
file:C:/Program Files/Git/etc/gitconfig	filter.lfs.required=true
file:C:/Program Files/Git/etc/gitconfig	http.sslbackend=openssl
file:C:/Program Files/Git/etc/gitconfig	http.sslcainfo=C:/Program Files/Git/mingw64/ssl/certs/ca-bundle.crt
file:C:/Program Files/Git/etc/gitconfig	core.autocrlf=true
file:C:/Program Files/Git/etc/gitconfig	core.fscache=true
file:C:/Program Files/Git/etc/gitconfig	core.symlinks=false
file:C:/Program Files/Git/etc/gitconfig	core.fsmonitor=true
file:C:/Program Files/Git/etc/gitconfig	pull.rebase=false
file:C:/Program Files/Git/etc/gitconfig	credential.helper=manager
file:C:/Program Files/Git/etc/gitconfig	credential.https://dev.azure.com.usehttppath=true
file:C:/Program Files/Git/etc/gitconfig	init.defaultbranch=master
file:C:/Users/achin/.gitconfig	user.email=achintadutta1997@gmail.com
file:C:/Users/achin/.gitconfig	user.name=Achinta
file:C:/Users/achin/.gitconfig	credential.helper=wincred
file:C:/Users/achin/.gitconfig	credential.helper=
file:C:/Users/achin/.gitconfig	credential.helper=C:/Program\ Files/Git/mingw64/bin/git-credential-manager.exe
file:.git/config	core.repositoryformatversion=0
file:.git/config	core.filemode=false
file:.git/config	core.bare=false
file:.git/config	core.logallrefupdates=true
file:.git/config	core.symlinks=false
file:.git/config	core.ignorecase=true
file:.git/config	remote.UltraEdit-clone.url=https://github.com/Achinta1997
file:.git/config	remote.UltraEdit-clone.fetch=+refs/heads/*:refs/remotes/UltraEdit-clone/*


------------
Diagnostic: Credential storage
Skipped: False
Success: True
Exception: None
Log:
ICredentialStore instance is of type: CredentialStore
Writing test credential... OK
Reading test credential... OK
Deleting test credential... OK

------------
Diagnostic: Microsoft authentication (AAD/MSA)
Skipped: False
Success: True
Exception: None
Log:
Broker not supported.
Flow type is: Auto
Gathering MSAL token cache data... OK
CacheDirectory: C:\Users\achin\AppData\Local\.IdentityService
CacheFileName: msal.cache
CacheFilePath: C:\Users\achin\AppData\Local\.IdentityService\msal.cache
Creating cache helper... OK
Verifying MSAL token cache persistence... OK

------------
Diagnostic: GitHub API
Skipped: False
Success: True
Exception: None
Log:
Using 'https://github.com/' as API target.
Querying '/meta' endpoint... OK

